{"/workspaces/bayaraajr.github.io/src/App.tsx": {"path":"/workspaces/bayaraajr.github.io/src/App.tsx","statementMap":{"0":{"start":{"line":1,"column":0},"end":{"line":1,"column":50}},"1":{"start":{"line":4,"column":0},"end":{"line":4,"column":64}},"2":{"start":{"line":8,"column":13},"end":{"line":8,"column":75}},"3":{"start":{"line":8,"column":23},"end":{"line":8,"column":74}},"4":{"start":{"line":9,"column":15},"end":{"line":9,"column":83}},"5":{"start":{"line":9,"column":25},"end":{"line":9,"column":82}},"6":{"start":{"line":15,"column":26},"end":{"line":26,"column":1}},"7":{"start":{"line":16,"column":4},"end":{"line":25,"column":null}},"8":{"start":{"line":28,"column":0},"end":{"line":28,"column":19}}},"fnMap":{"0":{"name":"(anonymous_6)","decl":{"start":{"line":8,"column":18},"end":{"line":8,"column":21}},"loc":{"start":{"line":8,"column":23},"end":{"line":8,"column":74}}},"1":{"name":"(anonymous_7)","decl":{"start":{"line":8,"column":23},"end":{"line":8,"column":31}},"loc":{"start":{"line":8,"column":23},"end":{"line":8,"column":74}}},"2":{"name":"(anonymous_8)","decl":{"start":{"line":9,"column":20},"end":{"line":9,"column":23}},"loc":{"start":{"line":9,"column":25},"end":{"line":9,"column":82}}},"3":{"name":"(anonymous_9)","decl":{"start":{"line":9,"column":25},"end":{"line":9,"column":33}},"loc":{"start":{"line":9,"column":25},"end":{"line":9,"column":82}}},"4":{"name":"(anonymous_10)","decl":{"start":{"line":15,"column":26},"end":{"line":15,"column":27}},"loc":{"start":{"line":15,"column":43},"end":{"line":26,"column":1}}}},"branchMap":{},"s":{"0":1,"1":1,"2":1,"3":0,"4":1,"5":0,"6":1,"7":1,"8":1},"f":{"0":0,"1":0,"2":0,"3":0,"4":1},"b":{}}
,"/workspaces/bayaraajr.github.io/src/components/Button.tsx": {"path":"/workspaces/bayaraajr.github.io/src/components/Button.tsx","statementMap":{"0":{"start":{"line":1,"column":0},"end":{"line":1,"column":34}},"1":{"start":{"line":7,"column":32},"end":{"line":13,"column":1}},"2":{"start":{"line":8,"column":4},"end":{"line":12,"column":null}},"3":{"start":{"line":15,"column":0},"end":{"line":15,"column":22}}},"fnMap":{"0":{"name":"(anonymous_1)","decl":{"start":{"line":7,"column":32},"end":{"line":7,"column":33}},"loc":{"start":{"line":7,"column":59},"end":{"line":13,"column":1}}}},"branchMap":{},"s":{"0":1,"1":1,"2":3,"3":1},"f":{"0":3},"b":{}}
,"/workspaces/bayaraajr.github.io/src/pages/home/index.tsx": {"path":"/workspaces/bayaraajr.github.io/src/pages/home/index.tsx","statementMap":{"0":{"start":{"line":1,"column":0},"end":{"line":1,"column":34}},"1":{"start":{"line":7,"column":28},"end":{"line":13,"column":1}},"2":{"start":{"line":9,"column":4},"end":{"line":12,"column":null}},"3":{"start":{"line":15,"column":0},"end":{"line":15,"column":20}}},"fnMap":{"0":{"name":"(anonymous_1)","decl":{"start":{"line":7,"column":28},"end":{"line":7,"column":29}},"loc":{"start":{"line":7,"column":45},"end":{"line":13,"column":1}}}},"branchMap":{},"s":{"0":1,"1":1,"2":1,"3":1},"f":{"0":1},"b":{}}
}
