TN:
SF:src/App.tsx
FN:8,(anonymous_6)
FN:8,(anonymous_7)
FN:9,(anonymous_8)
FN:9,(anonymous_9)
FN:15,(anonymous_10)
FNF:5
FNH:1
FNDA:0,(anonymous_6)
FNDA:0,(anonymous_7)
FNDA:0,(anonymous_8)
FNDA:0,(anonymous_9)
FNDA:1,(anonymous_10)
DA:1,1
DA:4,1
DA:8,1
DA:9,1
DA:15,1
DA:16,1
DA:28,1
LF:7
LH:7
BRF:0
BRH:0
end_of_record
TN:
SF:src/components/Button.tsx
FN:7,(anonymous_1)
FNF:1
FNH:1
FNDA:3,(anonymous_1)
DA:1,1
DA:7,1
DA:8,3
DA:15,1
LF:4
LH:4
BRF:0
BRH:0
end_of_record
TN:
SF:src/pages/home/index.tsx
FN:7,(anonymous_1)
FNF:1
FNH:1
FNDA:1,(anonymous_1)
DA:1,1
DA:7,1
DA:9,1
DA:15,1
LF:4
LH:4
BRF:0
BRH:0
end_of_record
